Build started 2015-11-26 오전 6:57:43.
     1>Project "C:\Users\Cosmonaut\Documents\SNU\기계시스템설계1\Codes\InRol_fixedtool_usb2ppm\usb2ppm_tooldynamics\UAV_1\UAV_1.vcxproj" on node 2 (build target(s)).
     1>InitializeBuildStatus:
         Creating "Debug\usb2ppm_v10.unsuccessfulbuild" because "AlwaysCreate" was specified.
       ClCompile:
         All outputs are up-to-date.
         C:\Program Files (x86)\Microsoft Visual Studio 10.0\VC\bin\CL.exe /c /I\include /I\utilities\include /I\QuickHaptics\header /I"C:\Program Files\Force Dimension\dhd-3.4.0\include" /I"C:\Program Files\Force Dimension\dhd-3.4.0\external\freeglut\include" /ZI /nologo /W3 /WX- /Od /Oy- /D WIN32 /D _DEBUG /D _CONSOLE /D _MBCS /Gm /EHsc /RTC1 /MDd /GS /fp:precise /Zc:wchar_t /Zc:forScope /Yu"StdAfx.h" /Fp"Debug\usb2ppm_v10.pch" /Fo"Debug\\" /Fd"Debug\vc100.pdb" /Gd /TP /analyze- /errorReport:prompt UAV_1.cpp
         UAV_1.cpp
     1>c:\users\cosmonaut\documents\snu\기계시스템설계1\codes\inrol_fixedtool_usb2ppm\usb2ppm_tooldynamics\uav_1\uav_1.cpp(26): warning C4067: unexpected tokens following preprocessor directive - expected a newline
     1>c:\users\cosmonaut\documents\snu\기계시스템설계1\codes\inrol_fixedtool_usb2ppm\usb2ppm_tooldynamics\uav_1\uav_1.cpp(280): warning C4244: '=' : conversion from 'double' to 'short', possible loss of data
     1>c:\users\cosmonaut\documents\snu\기계시스템설계1\codes\inrol_fixedtool_usb2ppm\usb2ppm_tooldynamics\uav_1\uav_1.cpp(281): warning C4244: '=' : conversion from 'double' to 'short', possible loss of data
     1>c:\users\cosmonaut\documents\snu\기계시스템설계1\codes\inrol_fixedtool_usb2ppm\usb2ppm_tooldynamics\uav_1\uav_1.cpp(282): warning C4244: '=' : conversion from 'double' to 'short', possible loss of data
     1>c:\users\cosmonaut\documents\snu\기계시스템설계1\codes\inrol_fixedtool_usb2ppm\usb2ppm_tooldynamics\uav_1\uav_1.cpp(283): warning C4244: '=' : conversion from 'double' to 'short', possible loss of data
       Link:
         C:\Program Files (x86)\Microsoft Visual Studio 10.0\VC\bin\link.exe /ERRORREPORT:PROMPT /OUT:"C:\Users\Cosmonaut\Documents\SNU\기계시스템설계1\Codes\InRol_fixedtool_usb2ppm\usb2ppm_tooldynamics\Debug\usb2ppm_v10.exe" /INCREMENTAL:NO /NOLOGO "C:\Program Files (x86)\Vicon\DataStream SDK\Win32\CPP\ViconDataStreamSDK_CPP.lib" /MANIFEST /ManifestFile:"Debug\usb2ppm_v10.exe.intermediate.manifest" /MANIFESTUAC:"level='asInvoker' uiAccess='false'" /DEBUG /PDB:"C:\Users\Cosmonaut\Documents\SNU\기계시스템설계1\Codes\InRol_fixedtool_usb2ppm\usb2ppm_tooldynamics\Debug\usb2ppm_v10.pdb" /SUBSYSTEM:CONSOLE /TLBID:1 /DYNAMICBASE /NXCOMPAT /IMPLIB:"C:\Users\Cosmonaut\Documents\SNU\기계시스템설계1\Codes\InRol_fixedtool_usb2ppm\usb2ppm_tooldynamics\Debug\usb2ppm_v10.lib" /MACHINE:X86 Debug\Desired.obj
         Debug\Matrix33.obj
         Debug\Obstacle.obj
         Debug\PSPM.obj
         Debug\stdafx.obj
         Debug\Tracker.obj
         Debug\UAV_1.obj
         Debug\usb2PPM.obj
         Debug\Vector3.obj
     1>Desired.obj : warning LNK4075: ignoring '/EDITANDCONTINUE' due to '/INCREMENTAL:NO' specification
         UAV_1.vcxproj -> C:\Users\Cosmonaut\Documents\SNU\기계시스템설계1\Codes\InRol_fixedtool_usb2ppm\usb2ppm_tooldynamics\Debug\usb2ppm_v10.exe
       Manifest:
         C:\Program Files (x86)\Microsoft SDKs\Windows\v7.0A\bin\mt.exe /nologo /verbose /outputresource:"C:\Users\Cosmonaut\Documents\SNU\기계시스템설계1\Codes\InRol_fixedtool_usb2ppm\usb2ppm_tooldynamics\Debug\usb2ppm_v10.exe;#1" /manifest Debug\usb2ppm_v10.exe.intermediate.manifest
       FinalizeBuildStatus:
         Deleting file "Debug\usb2ppm_v10.unsuccessfulbuild".
         Touching "Debug\usb2ppm_v10.lastbuildstate".
     1>Done Building Project "C:\Users\Cosmonaut\Documents\SNU\기계시스템설계1\Codes\InRol_fixedtool_usb2ppm\usb2ppm_tooldynamics\UAV_1\UAV_1.vcxproj" (build target(s)).

Build succeeded.

Time Elapsed 00:00:01.83
